<?xml version="1.0" encoding="UTF-8"?>
<testsuite xmlns:xsi="http://www.w3.org/2001/XMLSchema-instance" xsi:noNamespaceSchemaLocation="https://maven.apache.org/surefire/maven-surefire-plugin/xsd/surefire-test-report.xsd" name="com.platform.controller.portal.TestDemo" time="0.087" tests="1" errors="0" skipped="0" failures="0">
  <properties>
    <property name="sun.desktop" value="windows"/>
    <property name="awt.toolkit" value="sun.awt.windows.WToolkit"/>
    <property name="file.encoding.pkg" value="sun.io"/>
    <property name="java.specification.version" value="1.8"/>
    <property name="sun.cpu.isalist" value="amd64"/>
    <property name="sun.jnu.encoding" value="GBK"/>
    <property name="java.class.path" value="C:\Users\Administrator\Desktop\SharingPlatform_v2\target\test-classes;C:\Users\Administrator\Desktop\SharingPlatform_v2\target\classes;D:\maven\junit\junit\4.12\junit-4.12.jar;D:\maven\org\slf4j\slf4j-api\1.7.12\slf4j-api-1.7.12.jar;D:\maven\ch\qos\logback\logback-classic\1.1.2\logback-classic-1.1.2.jar;D:\maven\ch\qos\logback\logback-core\1.1.2\logback-core-1.1.2.jar;D:\maven\mysql\mysql-connector-java\5.1.46\mysql-connector-java-5.1.46.jar;D:\maven\com\mchange\c3p0\0.9.5.3\c3p0-0.9.5.3.jar;D:\maven\com\mchange\mchange-commons-java\0.2.15\mchange-commons-java-0.2.15.jar;D:\maven\com\google\guava\guava\20.0\guava-20.0.jar;D:\maven\org\mybatis\mybatis\3.4.6\mybatis-3.4.6.jar;D:\maven\org\mybatis\mybatis-spring\1.3.2\mybatis-spring-1.3.2.jar;D:\maven\taglibs\standard\1.1.2\standard-1.1.2.jar;D:\maven\jstl\jstl\1.2\jstl-1.2.jar;D:\maven\com\fasterxml\jackson\core\jackson-databind\2.5.4\jackson-databind-2.5.4.jar;D:\maven\com\fasterxml\jackson\core\jackson-annotations\2.5.0\jackson-annotations-2.5.0.jar;D:\maven\com\fasterxml\jackson\core\jackson-core\2.5.4\jackson-core-2.5.4.jar;D:\maven\javax\servlet\javax.servlet-api\3.1.0\javax.servlet-api-3.1.0.jar;D:\maven\org\springframework\spring-core\4.1.6.RELEASE\spring-core-4.1.6.RELEASE.jar;D:\maven\org\springframework\spring-beans\4.1.6.RELEASE\spring-beans-4.1.6.RELEASE.jar;D:\maven\org\springframework\spring-context\4.1.6.RELEASE\spring-context-4.1.6.RELEASE.jar;D:\maven\org\springframework\spring-aop\4.1.6.RELEASE\spring-aop-4.1.6.RELEASE.jar;D:\maven\aopalliance\aopalliance\1.0\aopalliance-1.0.jar;D:\maven\org\springframework\spring-expression\4.1.6.RELEASE\spring-expression-4.1.6.RELEASE.jar;D:\maven\org\springframework\spring-tx\4.1.6.RELEASE\spring-tx-4.1.6.RELEASE.jar;D:\maven\org\springframework\spring-jdbc\4.1.6.RELEASE\spring-jdbc-4.1.6.RELEASE.jar;D:\maven\org\springframework\spring-web\4.1.6.RELEASE\spring-web-4.1.6.RELEASE.jar;D:\maven\org\springframework\spring-webmvc\4.1.6.RELEASE\spring-webmvc-4.1.6.RELEASE.jar;D:\maven\org\springframework\spring-test\4.1.6.RELEASE\spring-test-4.1.6.RELEASE.jar;D:\maven\org\springframework\data\spring-data-redis\1.7.1.RELEASE\spring-data-redis-1.7.1.RELEASE.jar;D:\maven\org\springframework\data\spring-data-keyvalue\1.1.1.RELEASE\spring-data-keyvalue-1.1.1.RELEASE.jar;D:\maven\org\springframework\data\spring-data-commons\1.12.1.RELEASE\spring-data-commons-1.12.1.RELEASE.jar;D:\maven\org\springframework\spring-oxm\4.2.5.RELEASE\spring-oxm-4.2.5.RELEASE.jar;D:\maven\org\springframework\spring-context-support\4.2.5.RELEASE\spring-context-support-4.2.5.RELEASE.jar;D:\maven\org\slf4j\jcl-over-slf4j\1.7.19\jcl-over-slf4j-1.7.19.jar;D:\maven\redis\clients\jedis\2.9.0\jedis-2.9.0.jar;D:\maven\org\apache\commons\commons-pool2\2.4.2\commons-pool2-2.4.2.jar;D:\maven\commons-beanutils\commons-beanutils\1.9.2\commons-beanutils-1.9.2.jar;D:\maven\com\alibaba\fastjson\1.2.47\fastjson-1.2.47.jar;D:\maven\io\protostuff\protostuff-core\1.6.0\protostuff-core-1.6.0.jar;D:\maven\io\protostuff\protostuff-api\1.6.0\protostuff-api-1.6.0.jar;D:\maven\io\protostuff\protostuff-runtime\1.6.0\protostuff-runtime-1.6.0.jar;D:\maven\io\protostuff\protostuff-collectionschema\1.6.0\protostuff-collectionschema-1.6.0.jar;D:\maven\commons-collections\commons-collections\3.2\commons-collections-3.2.jar;D:\maven\commons-net\commons-net\3.6\commons-net-3.6.jar;D:\maven\org\apache\commons\commons-lang3\3.5\commons-lang3-3.5.jar;D:\maven\joda-time\joda-time\2.3\joda-time-2.3.jar;D:\maven\org\hashids\hashids\1.0.1\hashids-1.0.1.jar;D:\maven\commons-fileupload\commons-fileupload\1.2.2\commons-fileupload-1.2.2.jar;D:\maven\commons-io\commons-io\2.0.1\commons-io-2.0.1.jar;D:\maven\com\github\pagehelper\pagehelper\4.1.0\pagehelper-4.1.0.jar;D:\maven\com\github\miemiedev\mybatis-paginator\1.2.17\mybatis-paginator-1.2.17.jar;D:\maven\com\github\jsqlparser\jsqlparser\0.9.4\jsqlparser-0.9.4.jar;D:\maven\org\apache\commons\commons-email\1.4\commons-email-1.4.jar;D:\maven\com\sun\mail\javax.mail\1.5.2\javax.mail-1.5.2.jar;D:\maven\javax\activation\activation\1.1.1\activation-1.1.1.jar;D:\maven\commons-codec\commons-codec\1.10\commons-codec-1.10.jar;D:\maven\commons-configuration\commons-configuration\1.10\commons-configuration-1.10.jar;D:\maven\commons-lang\commons-lang\2.6\commons-lang-2.6.jar;D:\maven\commons-logging\commons-logging\1.1.1\commons-logging-1.1.1.jar;D:\maven\com\google\zxing\core\2.1\core-2.1.jar;D:\maven\com\google\code\gson\gson\2.3.1\gson-2.3.1.jar;D:\maven\org\hamcrest\hamcrest-core\1.3\hamcrest-core-1.3.jar;"/>
    <property name="java.vm.vendor" value="Oracle Corporation"/>
    <property name="sun.arch.data.model" value="64"/>
    <property name="user.variant" value=""/>
    <property name="java.vendor.url" value="http://java.oracle.com/"/>
    <property name="user.timezone" value="Asia/Shanghai"/>
    <property name="java.vm.specification.version" value="1.8"/>
    <property name="os.name" value="Windows 7"/>
    <property name="user.country" value="CN"/>
    <property name="sun.java.launcher" value="SUN_STANDARD"/>
    <property name="sun.boot.library.path" value="C:\Program Files\Java\jdk1.8.0_202\jre\bin"/>
    <property name="sun.java.command" value="C:\Users\ADMINI~1\AppData\Local\Temp\surefire4036988792992771803\surefirebooter7871658563467889574.jar C:\Users\Administrator\AppData\Local\Temp\surefire4036988792992771803 2019-05-09T01-29-14_370-jvmRun1 surefire5336256898086605140tmp surefire_08535783464684843396tmp"/>
    <property name="surefire.test.class.path" value="C:\Users\Administrator\Desktop\SharingPlatform_v2\target\test-classes;C:\Users\Administrator\Desktop\SharingPlatform_v2\target\classes;D:\maven\junit\junit\4.12\junit-4.12.jar;D:\maven\org\slf4j\slf4j-api\1.7.12\slf4j-api-1.7.12.jar;D:\maven\ch\qos\logback\logback-classic\1.1.2\logback-classic-1.1.2.jar;D:\maven\ch\qos\logback\logback-core\1.1.2\logback-core-1.1.2.jar;D:\maven\mysql\mysql-connector-java\5.1.46\mysql-connector-java-5.1.46.jar;D:\maven\com\mchange\c3p0\0.9.5.3\c3p0-0.9.5.3.jar;D:\maven\com\mchange\mchange-commons-java\0.2.15\mchange-commons-java-0.2.15.jar;D:\maven\com\google\guava\guava\20.0\guava-20.0.jar;D:\maven\org\mybatis\mybatis\3.4.6\mybatis-3.4.6.jar;D:\maven\org\mybatis\mybatis-spring\1.3.2\mybatis-spring-1.3.2.jar;D:\maven\taglibs\standard\1.1.2\standard-1.1.2.jar;D:\maven\jstl\jstl\1.2\jstl-1.2.jar;D:\maven\com\fasterxml\jackson\core\jackson-databind\2.5.4\jackson-databind-2.5.4.jar;D:\maven\com\fasterxml\jackson\core\jackson-annotations\2.5.0\jackson-annotations-2.5.0.jar;D:\maven\com\fasterxml\jackson\core\jackson-core\2.5.4\jackson-core-2.5.4.jar;D:\maven\javax\servlet\javax.servlet-api\3.1.0\javax.servlet-api-3.1.0.jar;D:\maven\org\springframework\spring-core\4.1.6.RELEASE\spring-core-4.1.6.RELEASE.jar;D:\maven\org\springframework\spring-beans\4.1.6.RELEASE\spring-beans-4.1.6.RELEASE.jar;D:\maven\org\springframework\spring-context\4.1.6.RELEASE\spring-context-4.1.6.RELEASE.jar;D:\maven\org\springframework\spring-aop\4.1.6.RELEASE\spring-aop-4.1.6.RELEASE.jar;D:\maven\aopalliance\aopalliance\1.0\aopalliance-1.0.jar;D:\maven\org\springframework\spring-expression\4.1.6.RELEASE\spring-expression-4.1.6.RELEASE.jar;D:\maven\org\springframework\spring-tx\4.1.6.RELEASE\spring-tx-4.1.6.RELEASE.jar;D:\maven\org\springframework\spring-jdbc\4.1.6.RELEASE\spring-jdbc-4.1.6.RELEASE.jar;D:\maven\org\springframework\spring-web\4.1.6.RELEASE\spring-web-4.1.6.RELEASE.jar;D:\maven\org\springframework\spring-webmvc\4.1.6.RELEASE\spring-webmvc-4.1.6.RELEASE.jar;D:\maven\org\springframework\spring-test\4.1.6.RELEASE\spring-test-4.1.6.RELEASE.jar;D:\maven\org\springframework\data\spring-data-redis\1.7.1.RELEASE\spring-data-redis-1.7.1.RELEASE.jar;D:\maven\org\springframework\data\spring-data-keyvalue\1.1.1.RELEASE\spring-data-keyvalue-1.1.1.RELEASE.jar;D:\maven\org\springframework\data\spring-data-commons\1.12.1.RELEASE\spring-data-commons-1.12.1.RELEASE.jar;D:\maven\org\springframework\spring-oxm\4.2.5.RELEASE\spring-oxm-4.2.5.RELEASE.jar;D:\maven\org\springframework\spring-context-support\4.2.5.RELEASE\spring-context-support-4.2.5.RELEASE.jar;D:\maven\org\slf4j\jcl-over-slf4j\1.7.19\jcl-over-slf4j-1.7.19.jar;D:\maven\redis\clients\jedis\2.9.0\jedis-2.9.0.jar;D:\maven\org\apache\commons\commons-pool2\2.4.2\commons-pool2-2.4.2.jar;D:\maven\commons-beanutils\commons-beanutils\1.9.2\commons-beanutils-1.9.2.jar;D:\maven\com\alibaba\fastjson\1.2.47\fastjson-1.2.47.jar;D:\maven\io\protostuff\protostuff-core\1.6.0\protostuff-core-1.6.0.jar;D:\maven\io\protostuff\protostuff-api\1.6.0\protostuff-api-1.6.0.jar;D:\maven\io\protostuff\protostuff-runtime\1.6.0\protostuff-runtime-1.6.0.jar;D:\maven\io\protostuff\protostuff-collectionschema\1.6.0\protostuff-collectionschema-1.6.0.jar;D:\maven\commons-collections\commons-collections\3.2\commons-collections-3.2.jar;D:\maven\commons-net\commons-net\3.6\commons-net-3.6.jar;D:\maven\org\apache\commons\commons-lang3\3.5\commons-lang3-3.5.jar;D:\maven\joda-time\joda-time\2.3\joda-time-2.3.jar;D:\maven\org\hashids\hashids\1.0.1\hashids-1.0.1.jar;D:\maven\commons-fileupload\commons-fileupload\1.2.2\commons-fileupload-1.2.2.jar;D:\maven\commons-io\commons-io\2.0.1\commons-io-2.0.1.jar;D:\maven\com\github\pagehelper\pagehelper\4.1.0\pagehelper-4.1.0.jar;D:\maven\com\github\miemiedev\mybatis-paginator\1.2.17\mybatis-paginator-1.2.17.jar;D:\maven\com\github\jsqlparser\jsqlparser\0.9.4\jsqlparser-0.9.4.jar;D:\maven\org\apache\commons\commons-email\1.4\commons-email-1.4.jar;D:\maven\com\sun\mail\javax.mail\1.5.2\javax.mail-1.5.2.jar;D:\maven\javax\activation\activation\1.1.1\activation-1.1.1.jar;D:\maven\commons-codec\commons-codec\1.10\commons-codec-1.10.jar;D:\maven\commons-configuration\commons-configuration\1.10\commons-configuration-1.10.jar;D:\maven\commons-lang\commons-lang\2.6\commons-lang-2.6.jar;D:\maven\commons-logging\commons-logging\1.1.1\commons-logging-1.1.1.jar;D:\maven\com\google\zxing\core\2.1\core-2.1.jar;D:\maven\com\google\code\gson\gson\2.3.1\gson-2.3.1.jar;D:\maven\org\hamcrest\hamcrest-core\1.3\hamcrest-core-1.3.jar;"/>
    <property name="sun.cpu.endian" value="little"/>
    <property name="user.home" value="C:\Users\Administrator"/>
    <property name="user.language" value="zh"/>
    <property name="java.specification.vendor" value="Oracle Corporation"/>
    <property name="java.home" value="C:\Program Files\Java\jdk1.8.0_202\jre"/>
    <property name="basedir" value="C:\Users\Administrator\Desktop\SharingPlatform_v2"/>
    <property name="file.separator" value="\"/>
    <property name="line.separator" value="&#10;"/>
    <property name="java.vm.specification.vendor" value="Oracle Corporation"/>
    <property name="java.specification.name" value="Java Platform API Specification"/>
    <property name="java.awt.graphicsenv" value="sun.awt.Win32GraphicsEnvironment"/>
    <property name="surefire.real.class.path" value="C:\Users\ADMINI~1\AppData\Local\Temp\surefire4036988792992771803\surefirebooter7871658563467889574.jar"/>
    <property name="sun.boot.class.path" value="C:\Program Files\Java\jdk1.8.0_202\jre\lib\resources.jar;C:\Program Files\Java\jdk1.8.0_202\jre\lib\rt.jar;C:\Program Files\Java\jdk1.8.0_202\jre\lib\sunrsasign.jar;C:\Program Files\Java\jdk1.8.0_202\jre\lib\jsse.jar;C:\Program Files\Java\jdk1.8.0_202\jre\lib\jce.jar;C:\Program Files\Java\jdk1.8.0_202\jre\lib\charsets.jar;C:\Program Files\Java\jdk1.8.0_202\jre\lib\jfr.jar;C:\Program Files\Java\jdk1.8.0_202\jre\classes"/>
    <property name="user.script" value=""/>
    <property name="sun.management.compiler" value="HotSpot 64-Bit Tiered Compilers"/>
    <property name="java.runtime.version" value="1.8.0_202-b08"/>
    <property name="user.name" value="Administrator"/>
    <property name="path.separator" value=";"/>
    <property name="os.version" value="6.1"/>
    <property name="java.endorsed.dirs" value="C:\Program Files\Java\jdk1.8.0_202\jre\lib\endorsed"/>
    <property name="java.runtime.name" value="Java(TM) SE Runtime Environment"/>
    <property name="file.encoding" value="GBK"/>
    <property name="java.vm.name" value="Java HotSpot(TM) 64-Bit Server VM"/>
    <property name="localRepository" value="D:\maven"/>
    <property name="java.vendor.url.bug" value="http://bugreport.sun.com/bugreport/"/>
    <property name="java.io.tmpdir" value="C:\Users\ADMINI~1\AppData\Local\Temp\"/>
    <property name="idea.version" value="2018.3.3"/>
    <property name="java.version" value="1.8.0_202"/>
    <property name="user.dir" value="C:\Users\Administrator\Desktop\SharingPlatform_v2"/>
    <property name="os.arch" value="amd64"/>
    <property name="java.vm.specification.name" value="Java Virtual Machine Specification"/>
    <property name="java.awt.printerjob" value="sun.awt.windows.WPrinterJob"/>
    <property name="sun.os.patch.level" value="Service Pack 1"/>
    <property name="java.library.path" value="C:\Program Files\Java\jdk1.8.0_202\jre\bin;C:\Windows\Sun\Java\bin;C:\Windows\system32;C:\Windows;C:\Program Files\Java\jdk1.8.0_202\bin;C:\Program Files (x86)\Common Files\Oracle\Java\javapath;C:\Program Files (x86)\AMD APP\bin\x86_64;C:\Program Files (x86)\AMD APP\bin\x86;C:\Windows\system32;C:\Windows;C:\Windows\System32\Wbem;C:\Windows\System32\WindowsPowerShell\v1.0\;C:\Program Files (x86)\ATI Technologies\ATI.ACE\Core-Static;C:\Program Files\Java\jdk1.8.0_202\bin;C:\Program Files\Java\jdk1.8.0_202\jre\bin;C:\Program Files\SourceGear\Common\DiffMerge\;D:\apache-maven-3.6.0\bin;D:\Git\cmd;D:\nodejs\;D:\Yarn\bin\;C:\Users\Administrator\AppData\Roaming\npm;C:\Users\Administrator\AppData\Local\Yarn\bin;."/>
    <property name="java.vm.info" value="mixed mode"/>
    <property name="java.vendor" value="Oracle Corporation"/>
    <property name="java.vm.version" value="25.202-b08"/>
    <property name="java.ext.dirs" value="C:\Program Files\Java\jdk1.8.0_202\jre\lib\ext;C:\Windows\Sun\Java\lib\ext"/>
    <property name="sun.io.unicode.encoding" value="UnicodeLittle"/>
    <property name="maven.repo.local" value="D:\maven"/>
    <property name="java.class.version" value="52.0"/>
  </properties>
  <testcase name="test" classname="com.platform.controller.portal.TestDemo" time="0.007"/>
</testsuite>